<?xml version="1.0" encoding="UTF-8" ?>
<testsuite tests="28" failures="0" name="testRunner.TestRun" time="0.026" errors="0" skipped="0">
  <properties>
[...]
</properties>
  <testcase classname="Scenario: Search ARS number and verify details" name="Given User Launch Chrome browser" time="0.002"/>
  <testcase classname="Scenario: Search ARS number and verify details" name="When User opens URL &quot;http://35.154.153.79/bridge_aws_multi/&quot;" time="0"/>
  <testcase classname="Scenario: Search ARS number and verify details" name="And User enters Email as &quot;shariq.abbas@authbridge.com&quot; and Password as &quot;Test@#123!&quot;" time="0"/>
  <testcase classname="Scenario: Search ARS number and verify details" name="And Click on Login" time="0"/>
  <testcase classname="Scenario: Search ARS number and verify details" name="And Enter ars number in search text field" time="0"/>
  <testcase classname="Scenario: Search ARS number and verify details" name="Then Click on search button" time="0.001"/>
  <testcase classname="Scenario: Search ARS number and verify details" name="And Click on ars number to view the details" time="0"/>
  <testcase classname="Scenario: Search ARS number and verify details" name="And close browser" time="0.009"/>
  <testcase classname="Scenario: Search ARS number and verify details" name="Scenario: Search ARS number and verify details" time="0.01"/>
  <testcase classname="Scenario: Verify Docs Quality Role" name="Given User Launch Chrome browser" time="0"/>
  <testcase classname="Scenario: Verify Docs Quality Role" name="When User opens URL &quot;http://35.154.153.79/bridge_aws_multi/&quot;" time="0.001"/>
  <testcase classname="Scenario: Verify Docs Quality Role" name="And User enters Email as &quot;shariq.abbas@authbridge.com&quot; and Password as &quot;Test@#123!&quot;" time="0"/>
  <testcase classname="Scenario: Verify Docs Quality Role" name="And Click on Login" time="0"/>
  <testcase classname="Scenario: Verify Docs Quality Role" name="And Select Docs Quality role" time="0"/>
  <testcase classname="Scenario: Verify Docs Quality Role" name="Then Click on Dashboard Module" time="0"/>
  <testcase classname="Scenario: Verify Docs Quality Role" name="And Enter Ars number in search text field" time="0"/>
  <testcase classname="Scenario: Verify Docs Quality Role" name="Then Click On Search button of the ars" time="0"/>
  <testcase classname="Scenario: Verify Docs Quality Role" name="Then verify serach result No Cases found" time="0"/>
  <testcase classname="Scenario: Verify Docs Quality Role" name="And close browser" time="0"/>
  <testcase classname="Scenario: Verify Docs Quality Role" name="Scenario: Verify Docs Quality Role" time="0.001"/>
  <testcase classname="Scenario: Successful Login with Valid Credentials" name="Given User Launch Chrome browser" time="0"/>
  <testcase classname="Scenario: Successful Login with Valid Credentials" name="When User opens URL &quot;http://35.154.153.79/bridge_aws_multi/&quot;" time="0"/>
  <testcase classname="Scenario: Successful Login with Valid Credentials" name="And User enters Email as &quot;shariq.abbas@authbridge.com&quot; and Password as &quot;Test@#123!&quot;" time="0"/>
  <testcase classname="Scenario: Successful Login with Valid Credentials" name="And Click on Login" time="0"/>
  <testcase classname="Scenario: Successful Login with Valid Credentials" name="Then Page Title should be &quot;AuthBridge Research Services: Users&quot;" time="0.001"/>
  <testcase classname="Scenario: Successful Login with Valid Credentials" name="When User click on Log out link" time="0"/>
  <testcase classname="Scenario: Successful Login with Valid Credentials" name="And close browser" time="0"/>
  <testcase classname="Scenario: Successful Login with Valid Credentials" name="Scenario: Successful Login with Valid Credentials" time="0.001"/>
</testsuite>